
**** Build of configuration Debug for project Healthy_Watch ****

"E:\\ti\\ccsv8\\utils\\bin\\gmake" -k -j 8 all -O 
 
Building file: "../ADC10/ADC10.c"
Invoking: MSP430 Compiler
"E:/ti/ccsv8/tools/compiler/ti-cgt-msp430_18.1.2.LTS/bin/cl430" -vmsp --use_hw_mpy=none --include_path="E:/ti/ccsv8/ccs_base/msp430/include" --include_path="D:/workspace/workspace_MSP430G2553/Healthy_Watch" --include_path="E:/ti/ccsv8/tools/compiler/ti-cgt-msp430_18.1.2.LTS/include" --advice:power=all --define=__MSP430G2553__ -g --printf_support=minimal --diag_warning=225 --diag_wrap=off --display_error_number --preproc_with_compile --preproc_dependency="ADC10/ADC10.d_raw" --obj_directory="ADC10"  "../ADC10/ADC10.c"
"../ADC10/ADC10.c", line 22: remark #1528-D: (ULP 3.1) Detected flag polling using ADC10BUSY. Recommend using an interrupt combined with enter LPMx and ISR
"../ADC10/ADC10.c", line 27: remark #1527-D: (ULP 2.1) Detected SW delay loop using __delay_cycles. Recommend using a timer module instead
"../ADC10/ADC10.c", line 40: remark #1527-D: (ULP 2.1) Detected SW delay loop using __delay_cycles. Recommend using a timer module instead
Finished building: "../ADC10/ADC10.c"
 
Building file: "../Button/Button.c"
Invoking: MSP430 Compiler
"E:/ti/ccsv8/tools/compiler/ti-cgt-msp430_18.1.2.LTS/bin/cl430" -vmsp --use_hw_mpy=none --include_path="E:/ti/ccsv8/ccs_base/msp430/include" --include_path="D:/workspace/workspace_MSP430G2553/Healthy_Watch" --include_path="E:/ti/ccsv8/tools/compiler/ti-cgt-msp430_18.1.2.LTS/include" --advice:power=all --define=__MSP430G2553__ -g --printf_support=minimal --diag_warning=225 --diag_wrap=off --display_error_number --preproc_with_compile --preproc_dependency="Button/Button.d_raw" --obj_directory="Button"  "../Button/Button.c"
"../Button/Button.c", line 48: remark #1527-D: (ULP 2.1) Detected SW delay loop using __delay_cycles. Recommend using a timer module instead
"../Button/Button.c", line 82: remark #1527-D: (ULP 2.1) Detected SW delay loop using __delay_cycles. Recommend using a timer module instead
"../Button/Button.c", line 97: remark #1527-D: (ULP 2.1) Detected SW delay loop using __delay_cycles. Recommend using a timer module instead
"../Button/Button.c", line 108: remark #1527-D: (ULP 2.1) Detected SW delay loop using __delay_cycles. Recommend using a timer module instead
"../Button/Button.c", line 97: remark #1527-D: (ULP 2.1) Detected SW delay loop using __delay_cycles. Recommend using a timer module instead
"../Button/Button.c", line 108: remark #1527-D: (ULP 2.1) Detected SW delay loop using __delay_cycles. Recommend using a timer module instead
"../Button/Button.c", line 108: remark #1527-D: (ULP 2.1) Detected SW delay loop using __delay_cycles. Recommend using a timer module instead
Finished building: "../Button/Button.c"
 
Building file: "../Capture/Capture.c"
Invoking: MSP430 Compiler
"E:/ti/ccsv8/tools/compiler/ti-cgt-msp430_18.1.2.LTS/bin/cl430" -vmsp --use_hw_mpy=none --include_path="E:/ti/ccsv8/ccs_base/msp430/include" --include_path="D:/workspace/workspace_MSP430G2553/Healthy_Watch" --include_path="E:/ti/ccsv8/tools/compiler/ti-cgt-msp430_18.1.2.LTS/include" --advice:power=all --define=__MSP430G2553__ -g --printf_support=minimal --diag_warning=225 --diag_wrap=off --display_error_number --preproc_with_compile --preproc_dependency="Capture/Capture.d_raw" --obj_directory="Capture"  "../Capture/Capture.c"
"../Capture/Capture.c", line 41: remark #1530-D: (ULP 5.1) Detected divide operation(s). Recommend moving them to RAM during run time or not using as these are processing/power intensive
"../Capture/Capture.c", line 38 (col. 32): remark #1531-D: (ULP 5.2) Detected floating point operation(s). Recommend moving them to RAM during run time or not using as these are processing/power intensive
"../Capture/Capture.c", line 41 (col. 30): remark #1531-D: (ULP 5.2) Detected floating point operation(s). Recommend moving them to RAM during run time or not using as these are processing/power intensive
Finished building: "../Capture/Capture.c"
 
Building file: "../main.c"
Invoking: MSP430 Compiler
"E:/ti/ccsv8/tools/compiler/ti-cgt-msp430_18.1.2.LTS/bin/cl430" -vmsp --use_hw_mpy=none --include_path="E:/ti/ccsv8/ccs_base/msp430/include" --include_path="D:/workspace/workspace_MSP430G2553/Healthy_Watch" --include_path="E:/ti/ccsv8/tools/compiler/ti-cgt-msp430_18.1.2.LTS/include" --advice:power=all --define=__MSP430G2553__ -g --printf_support=minimal --diag_warning=225 --diag_wrap=off --display_error_number --preproc_with_compile --preproc_dependency="main.d_raw"  "../main.c"
"../main.c", line 188: remark #1527-D: (ULP 2.1) Detected SW delay loop using __delay_cycles. Recommend using a timer module instead
"../main.c", line 201: remark #1544-D: (ULP 13.1) Detected loop counting up. Recommend loops count down as detecting zeros is easier
"../main.c", line 215: remark #1527-D: (ULP 2.1) Detected SW delay loop using __delay_cycles. Recommend using a timer module instead
"../main.c", line 227: remark #1527-D: (ULP 2.1) Detected SW delay loop using __delay_cycles. Recommend using a timer module instead
"../main.c", line 188: remark #1527-D: (ULP 2.1) Detected SW delay loop using __delay_cycles. Recommend using a timer module instead
"../main.c", line 201: remark #1544-D: (ULP 13.1) Detected loop counting up. Recommend loops count down as detecting zeros is easier
"../main.c", line 215: remark #1527-D: (ULP 2.1) Detected SW delay loop using __delay_cycles. Recommend using a timer module instead
"../main.c", line 227: remark #1527-D: (ULP 2.1) Detected SW delay loop using __delay_cycles. Recommend using a timer module instead
"../main.c", line 201: remark #1544-D: (ULP 13.1) Detected loop counting up. Recommend loops count down as detecting zeros is easier
"../main.c", line 215: remark #1527-D: (ULP 2.1) Detected SW delay loop using __delay_cycles. Recommend using a timer module instead
"../main.c", line 227: remark #1527-D: (ULP 2.1) Detected SW delay loop using __delay_cycles. Recommend using a timer module instead
"../main.c", line 201: remark #1544-D: (ULP 13.1) Detected loop counting up. Recommend loops count down as detecting zeros is easier
"../main.c", line 19: remark #1535-D: (ULP 8.1) variable "Count_Display" is used as a constant. Recommend declaring variable as either 'static const' or 'const'
"../main.c", line 20: remark #1535-D: (ULP 8.1) variable "Mode" is used as a constant. Recommend declaring variable as either 'static const' or 'const'
"../main.c", line 21: remark #1535-D: (ULP 8.1) variable "Mode_Calib_Time" is used as a constant. Recommend declaring variable as either 'static const' or 'const'
"../main.c", line 169 (col. 17): remark #1531-D: (ULP 5.2) Detected floating point operation(s). Recommend moving them to RAM during run time or not using as these are processing/power intensive
"../main.c", line 172 (col. 18): remark #1531-D: (ULP 5.2) Detected floating point operation(s). Recommend moving them to RAM during run time or not using as these are processing/power intensive
Finished building: "../main.c"
 
Building file: "../DS1307/DS1307.c"
Invoking: MSP430 Compiler
"E:/ti/ccsv8/tools/compiler/ti-cgt-msp430_18.1.2.LTS/bin/cl430" -vmsp --use_hw_mpy=none --include_path="E:/ti/ccsv8/ccs_base/msp430/include" --include_path="D:/workspace/workspace_MSP430G2553/Healthy_Watch" --include_path="E:/ti/ccsv8/tools/compiler/ti-cgt-msp430_18.1.2.LTS/include" --advice:power=all --define=__MSP430G2553__ -g --printf_support=minimal --diag_warning=225 --diag_wrap=off --display_error_number --preproc_with_compile --preproc_dependency="DS1307/DS1307.d_raw" --obj_directory="DS1307"  "../DS1307/DS1307.c"
Finished building: "../DS1307/DS1307.c"
 
Building file: "../I2C/I2C.c"
Invoking: MSP430 Compiler
"E:/ti/ccsv8/tools/compiler/ti-cgt-msp430_18.1.2.LTS/bin/cl430" -vmsp --use_hw_mpy=none --include_path="E:/ti/ccsv8/ccs_base/msp430/include" --include_path="D:/workspace/workspace_MSP430G2553/Healthy_Watch" --include_path="E:/ti/ccsv8/tools/compiler/ti-cgt-msp430_18.1.2.LTS/include" --advice:power=all --define=__MSP430G2553__ -g --printf_support=minimal --diag_warning=225 --diag_wrap=off --display_error_number --preproc_with_compile --preproc_dependency="I2C/I2C.d_raw" --obj_directory="I2C"  "../I2C/I2C.c"
"../I2C/I2C.c", line 27: remark #1528-D: (ULP 3.1) Detected flag polling using IFG2. Recommend using an interrupt combined with enter LPMx and ISR
"../I2C/I2C.c", line 32: remark #1528-D: (ULP 3.1) Detected flag polling using IFG2. Recommend using an interrupt combined with enter LPMx and ISR
"../I2C/I2C.c", line 37: remark #1528-D: (ULP 3.1) Detected flag polling using IFG2. Recommend using an interrupt combined with enter LPMx and ISR
"../I2C/I2C.c", line 24: remark #1527-D: (ULP 2.1) Detected SW delay loop using empty loop. Recommend using a timer module instead
"../I2C/I2C.c", line 34: remark #1544-D: (ULP 13.1) Detected loop counting up. Recommend loops count down as detecting zeros is easier
"../I2C/I2C.c", line 49: remark #1528-D: (ULP 3.1) Detected flag polling using IFG2. Recommend using an interrupt combined with enter LPMx and ISR
"../I2C/I2C.c", line 52: remark #1528-D: (ULP 3.1) Detected flag polling using IFG2. Recommend using an interrupt combined with enter LPMx and ISR
"../I2C/I2C.c", line 58: remark #1528-D: (ULP 3.1) Detected flag polling using IFG2. Recommend using an interrupt combined with enter LPMx and ISR
"../I2C/I2C.c", line 63: remark #1528-D: (ULP 3.1) Detected flag polling using IFG2. Recommend using an interrupt combined with enter LPMx and ISR
"../I2C/I2C.c", line 46: remark #1527-D: (ULP 2.1) Detected SW delay loop using empty loop. Recommend using a timer module instead
"../I2C/I2C.c", line 57: remark #1527-D: (ULP 2.1) Detected SW delay loop using empty loop. Recommend using a timer module instead
"../I2C/I2C.c", line 60: remark #1544-D: (ULP 13.1) Detected loop counting up. Recommend loops count down as detecting zeros is easier
Finished building: "../I2C/I2C.c"
 
Building file: "../DS18B20/DS18B20.c"
Invoking: MSP430 Compiler
"E:/ti/ccsv8/tools/compiler/ti-cgt-msp430_18.1.2.LTS/bin/cl430" -vmsp --use_hw_mpy=none --include_path="E:/ti/ccsv8/ccs_base/msp430/include" --include_path="D:/workspace/workspace_MSP430G2553/Healthy_Watch" --include_path="E:/ti/ccsv8/tools/compiler/ti-cgt-msp430_18.1.2.LTS/include" --advice:power=all --define=__MSP430G2553__ -g --printf_support=minimal --diag_warning=225 --diag_wrap=off --display_error_number --preproc_with_compile --preproc_dependency="DS18B20/DS18B20.d_raw" --obj_directory="DS18B20"  "../DS18B20/DS18B20.c"
"../DS18B20/DS18B20.c", line 19: remark #1527-D: (ULP 2.1) Detected SW delay loop using empty loop. Recommend using a timer module instead
"../DS18B20/DS18B20.c", line 29: remark #1527-D: (ULP 2.1) Detected SW delay loop using __delay_cycles. Recommend using a timer module instead
"../DS18B20/DS18B20.c", line 30: remark #1527-D: (ULP 2.1) Detected SW delay loop using __delay_cycles. Recommend using a timer module instead
"../DS18B20/DS18B20.c", line 31: remark #1527-D: (ULP 2.1) Detected SW delay loop using __delay_cycles. Recommend using a timer module instead
"../DS18B20/DS18B20.c", line 32: remark #1527-D: (ULP 2.1) Detected SW delay loop using __delay_cycles. Recommend using a timer module instead
"../DS18B20/DS18B20.c", line 33: remark #1527-D: (ULP 2.1) Detected SW delay loop using __delay_cycles. Recommend using a timer module instead
"../DS18B20/DS18B20.c", line 36: remark #1527-D: (ULP 2.1) Detected SW delay loop using empty loop. Recommend using a timer module instead
"../DS18B20/DS18B20.c", line 46: remark #1530-D: (ULP 5.1) Detected divide operation(s). Recommend moving them to RAM during run time or not using as these are processing/power intensive
"../DS18B20/DS18B20.c", line 12 (col. 14): remark #1531-D: (ULP 5.2) Detected floating point operation(s). Recommend moving them to RAM during run time or not using as these are processing/power intensive
"../DS18B20/DS18B20.c", line 46 (col. 9): remark #1531-D: (ULP 5.2) Detected floating point operation(s). Recommend moving them to RAM during run time or not using as these are processing/power intensive
"../DS18B20/DS18B20.c", line 49 (col. 9): remark #1531-D: (ULP 5.2) Detected floating point operation(s). Recommend moving them to RAM during run time or not using as these are processing/power intensive
Finished building: "../DS18B20/DS18B20.c"
 
Building file: "../LCD/LCD.c"
Invoking: MSP430 Compiler
"E:/ti/ccsv8/tools/compiler/ti-cgt-msp430_18.1.2.LTS/bin/cl430" -vmsp --use_hw_mpy=none --include_path="E:/ti/ccsv8/ccs_base/msp430/include" --include_path="D:/workspace/workspace_MSP430G2553/Healthy_Watch" --include_path="E:/ti/ccsv8/tools/compiler/ti-cgt-msp430_18.1.2.LTS/include" --advice:power=all --define=__MSP430G2553__ -g --printf_support=minimal --diag_warning=225 --diag_wrap=off --display_error_number --preproc_with_compile --preproc_dependency="LCD/LCD.d_raw" --obj_directory="LCD"  "../LCD/LCD.c"
"../LCD/LCD.c", line 21: remark #1527-D: (ULP 2.1) Detected SW delay loop using __delay_cycles. Recommend using a timer module instead
"../LCD/LCD.c", line 161: remark #1544-D: (ULP 13.1) Detected loop counting up. Recommend loops count down as detecting zeros is easier
"../LCD/LCD.c", line 164: remark #1544-D: (ULP 13.1) Detected loop counting up. Recommend loops count down as detecting zeros is easier
"../LCD/LCD.c", line 176: remark #1533-D: (ULP 6.1) Detected use of multiplication on a device that has no hardware multiplier
"../LCD/LCD.c", line 191: remark #1530-D: (ULP 5.1) Detected modulo operation(s). Recommend moving them to RAM during run time or not using as these are processing/power intensive
"../LCD/LCD.c", line 192: remark #1530-D: (ULP 5.1) Detected divide operation(s). Recommend moving them to RAM during run time or not using as these are processing/power intensive
"../LCD/LCD.c", line 222: remark #1530-D: (ULP 5.1) Detected modulo operation(s). Recommend moving them to RAM during run time or not using as these are processing/power intensive
"../LCD/LCD.c", line 223: remark #1530-D: (ULP 5.1) Detected divide operation(s). Recommend moving them to RAM during run time or not using as these are processing/power intensive
"../LCD/LCD.c", line 247: remark #1533-D: (ULP 6.1) Detected use of multiplication on a device that has no hardware multiplier
"../LCD/LCD.c", line 253: remark #1544-D: (ULP 13.1) Detected loop counting up. Recommend loops count down as detecting zeros is easier
"../LCD/LCD.c", line 254: remark #1533-D: (ULP 6.1) Detected use of multiplication on a device that has no hardware multiplier
"../LCD/LCD.c", line 270: remark #1530-D: (ULP 5.1) Detected modulo operation(s). Recommend moving them to RAM during run time or not using as these are processing/power intensive
"../LCD/LCD.c", line 271: remark #1530-D: (ULP 5.1) Detected divide operation(s). Recommend moving them to RAM during run time or not using as these are processing/power intensive
"../LCD/LCD.c", line 281: remark #1530-D: (ULP 5.1) Detected modulo operation(s). Recommend moving them to RAM during run time or not using as these are processing/power intensive
"../LCD/LCD.c", line 282: remark #1530-D: (ULP 5.1) Detected divide operation(s). Recommend moving them to RAM during run time or not using as these are processing/power intensive
"../LCD/LCD.c", line 338: remark #1527-D: (ULP 2.1) Detected SW delay loop using __delay_cycles. Recommend using a timer module instead
"../LCD/LCD.c", line 342: remark #1527-D: (ULP 2.1) Detected SW delay loop using __delay_cycles. Recommend using a timer module instead
"../LCD/LCD.c", line 349: remark #1527-D: (ULP 2.1) Detected SW delay loop using __delay_cycles. Recommend using a timer module instead
"../LCD/LCD.c", line 353: remark #1527-D: (ULP 2.1) Detected SW delay loop using __delay_cycles. Recommend using a timer module instead
"../LCD/LCD.c", line 360: remark #1527-D: (ULP 2.1) Detected SW delay loop using __delay_cycles. Recommend using a timer module instead
"../LCD/LCD.c", line 364: remark #1527-D: (ULP 2.1) Detected SW delay loop using __delay_cycles. Recommend using a timer module instead
"../LCD/LCD.c", line 372: remark #1527-D: (ULP 2.1) Detected SW delay loop using __delay_cycles. Recommend using a timer module instead
"../LCD/LCD.c", line 388: remark #1527-D: (ULP 2.1) Detected SW delay loop using __delay_cycles. Recommend using a timer module instead
"../LCD/LCD.c", line 395: remark #1527-D: (ULP 2.1) Detected SW delay loop using __delay_cycles. Recommend using a timer module instead
"../LCD/LCD.c", line 399: remark #1527-D: (ULP 2.1) Detected SW delay loop using __delay_cycles. Recommend using a timer module instead
"../LCD/LCD.c", line 406: remark #1527-D: (ULP 2.1) Detected SW delay loop using __delay_cycles. Recommend using a timer module instead
"../LCD/LCD.c", line 410: remark #1527-D: (ULP 2.1) Detected SW delay loop using __delay_cycles. Recommend using a timer module instead
"../LCD/LCD.c", line 417: remark #1527-D: (ULP 2.1) Detected SW delay loop using __delay_cycles. Recommend using a timer module instead
"../LCD/LCD.c", line 422: remark #1527-D: (ULP 2.1) Detected SW delay loop using __delay_cycles. Recommend using a timer module instead
"../LCD/LCD.c", line 240 (col. 6): remark #1531-D: (ULP 5.2) Detected floating point operation(s). Recommend moving them to RAM during run time or not using as these are processing/power intensive
"../LCD/LCD.c", line 243 (col. 9): remark #1531-D: (ULP 5.2) Detected floating point operation(s). Recommend moving them to RAM during run time or not using as these are processing/power intensive
"../LCD/LCD.c", line 247 (col. 10): remark #1531-D: (ULP 5.2) Detected floating point operation(s). Recommend moving them to RAM during run time or not using as these are processing/power intensive
"../LCD/LCD.c", line 254 (col. 11): remark #1531-D: (ULP 5.2) Detected floating point operation(s). Recommend moving them to RAM during run time or not using as these are processing/power intensive
"../LCD/LCD.c", line 256 (col. 9): remark #1531-D: (ULP 5.2) Detected floating point operation(s). Recommend moving them to RAM during run time or not using as these are processing/power intensive
"../LCD/LCD.c", line 257 (col. 13): remark #1531-D: (ULP 5.2) Detected floating point operation(s). Recommend moving them to RAM during run time or not using as these are processing/power intensive
Finished building: "../LCD/LCD.c"
 
Building file: "../OneWire/OneWire.c"
Invoking: MSP430 Compiler
"E:/ti/ccsv8/tools/compiler/ti-cgt-msp430_18.1.2.LTS/bin/cl430" -vmsp --use_hw_mpy=none --include_path="E:/ti/ccsv8/ccs_base/msp430/include" --include_path="D:/workspace/workspace_MSP430G2553/Healthy_Watch" --include_path="E:/ti/ccsv8/tools/compiler/ti-cgt-msp430_18.1.2.LTS/include" --advice:power=all --define=__MSP430G2553__ -g --printf_support=minimal --diag_warning=225 --diag_wrap=off --display_error_number --preproc_with_compile --preproc_dependency="OneWire/OneWire.d_raw" --obj_directory="OneWire"  "../OneWire/OneWire.c"
"../OneWire/OneWire.c", line 12: remark #1544-D: (ULP 13.1) Detected loop counting up. Recommend loops count down as detecting zeros is easier
"../OneWire/OneWire.c", line 36: remark #1544-D: (ULP 13.1) Detected loop counting up. Recommend loops count down as detecting zeros is easier
"../OneWire/OneWire.c", line 62: remark #1527-D: (ULP 2.1) Detected SW delay loop using __delay_cycles. Recommend using a timer module instead
Finished building: "../OneWire/OneWire.c"
 
Building file: "../UART/UART.c"
Invoking: MSP430 Compiler
"E:/ti/ccsv8/tools/compiler/ti-cgt-msp430_18.1.2.LTS/bin/cl430" -vmsp --use_hw_mpy=none --include_path="E:/ti/ccsv8/ccs_base/msp430/include" --include_path="D:/workspace/workspace_MSP430G2553/Healthy_Watch" --include_path="E:/ti/ccsv8/tools/compiler/ti-cgt-msp430_18.1.2.LTS/include" --advice:power=all --define=__MSP430G2553__ -g --printf_support=minimal --diag_warning=225 --diag_wrap=off --display_error_number --preproc_with_compile --preproc_dependency="UART/UART.d_raw" --obj_directory="UART"  "../UART/UART.c"
"../UART/UART.c", line 30: remark #1528-D: (ULP 3.1) Detected flag polling using IFG2. Recommend using an interrupt combined with enter LPMx and ISR
"../UART/UART.c", line 38: remark #1528-D: (ULP 3.1) Detected flag polling using IFG2. Recommend using an interrupt combined with enter LPMx and ISR
"../UART/UART.c", line 53: remark #1530-D: (ULP 5.1) Detected modulo operation(s). Recommend moving them to RAM during run time or not using as these are processing/power intensive
"../UART/UART.c", line 54: remark #1530-D: (ULP 5.1) Detected divide operation(s). Recommend moving them to RAM during run time or not using as these are processing/power intensive
"../UART/UART.c", line 57: remark #1544-D: (ULP 13.1) Detected loop counting up. Recommend loops count down as detecting zeros is easier
"../UART/UART.c", line 65: remark #1528-D: (ULP 3.1) Detected flag polling using IFG2. Recommend using an interrupt combined with enter LPMx and ISR
Finished building: "../UART/UART.c"
 
Building target: "Healthy_Watch.out"
Invoking: MSP430 Linker
"E:/ti/ccsv8/tools/compiler/ti-cgt-msp430_18.1.2.LTS/bin/cl430" -vmsp --use_hw_mpy=none --advice:power=all --define=__MSP430G2553__ -g --printf_support=minimal --diag_warning=225 --diag_wrap=off --display_error_number -z -m"Healthy_Watch.map" --heap_size=80 --stack_size=80 -i"E:/ti/ccsv8/ccs_base/msp430/include" -i"E:/ti/ccsv8/tools/compiler/ti-cgt-msp430_18.1.2.LTS/lib" -i"E:/ti/ccsv8/tools/compiler/ti-cgt-msp430_18.1.2.LTS/include" --reread_libs --diag_wrap=off --display_error_number --warn_sections --xml_link_info="Healthy_Watch_linkInfo.xml" --use_hw_mpy=none --rom_model -o "Healthy_Watch.out" "./main.obj" "./ADC10/ADC10.obj" "./Button/Button.obj" "./Capture/Capture.obj" "./DS1307/DS1307.obj" "./DS18B20/DS18B20.obj" "./I2C/I2C.obj" "./LCD/LCD.obj" "./OneWire/OneWire.obj" "./UART/UART.obj" "../lnk_msp430g2553.cmd"  -llibc.a 
<Linking>
remark #10372-D: (ULP 4.1) Detected uninitialized Port 3 in this project. Recommend initializing all unused ports to eliminate wasted current consumption on unused pins.
Finished building target: "Healthy_Watch.out"
 

**** Build Finished ****
