
**** Build of configuration Debug for project SNP ****

"E:\\ti\\ccsv8\\utils\\bin\\gmake" -k -j 8 all -O 
 
Building file: "../main.c"
Invoking: MSP430 Compiler
"E:/ti/ccsv8/tools/compiler/ti-cgt-msp430_18.1.2.LTS/bin/cl430" -vmsp --use_hw_mpy=none --include_path="E:/ti/ccsv8/ccs_base/msp430/include" --include_path="D:/workspace/workspace_MSP430G2553/SNP" --include_path="E:/ti/ccsv8/tools/compiler/ti-cgt-msp430_18.1.2.LTS/include" --advice:power=all --define=__MSP430G2553__ -g --printf_support=minimal --diag_warning=225 --diag_wrap=off --display_error_number --preproc_with_compile --preproc_dependency="main.d_raw"  "../main.c"
"../main.c", line 124: remark #1527-D: (ULP 2.1) Detected SW delay loop using __delay_cycles. Recommend using a timer module instead
"../main.c", line 128: remark #1527-D: (ULP 2.1) Detected SW delay loop using __delay_cycles. Recommend using a timer module instead
"../main.c", line 132: remark #1527-D: (ULP 2.1) Detected SW delay loop using __delay_cycles. Recommend using a timer module instead
"../main.c", line 136: remark #1527-D: (ULP 2.1) Detected SW delay loop using __delay_cycles. Recommend using a timer module instead
"../main.c", line 140: remark #1527-D: (ULP 2.1) Detected SW delay loop using __delay_cycles. Recommend using a timer module instead
"../main.c", line 148: remark #1527-D: (ULP 2.1) Detected SW delay loop using __delay_cycles. Recommend using a timer module instead
"../main.c", line 158: remark #1538-D: (ULP 10.1) ISR Button_Interrupt calls function LedOffAll. Recommend moving function call away from ISR, or inlining the function, or using pragmas
Finished building: "../main.c"
 
Building target: "SNP.out"
Invoking: MSP430 Linker
"E:/ti/ccsv8/tools/compiler/ti-cgt-msp430_18.1.2.LTS/bin/cl430" -vmsp --use_hw_mpy=none --advice:power=all --define=__MSP430G2553__ -g --printf_support=minimal --diag_warning=225 --diag_wrap=off --display_error_number -z -m"SNP.map" --heap_size=80 --stack_size=80 -i"E:/ti/ccsv8/ccs_base/msp430/include" -i"E:/ti/ccsv8/tools/compiler/ti-cgt-msp430_18.1.2.LTS/lib" -i"E:/ti/ccsv8/tools/compiler/ti-cgt-msp430_18.1.2.LTS/include" --reread_libs --diag_wrap=off --display_error_number --warn_sections --xml_link_info="SNP_linkInfo.xml" --use_hw_mpy=none --rom_model -o "SNP.out" "./main.obj" "./Button/Button.obj" "./LED/LED.obj" "../lnk_msp430g2553.cmd"  -llibc.a 
<Linking>
remark #10372-D: (ULP 4.1) Detected uninitialized Port 3 in this project. Recommend initializing all unused ports to eliminate wasted current consumption on unused pins.
Finished building target: "SNP.out"
 

**** Build Finished ****
